make --dry-run --always-make --keep-going --print-directory
make: Entering directory `/Users/loadjou/Desktop/Cursus/Webserv'
mkdir -p objs//client
c++ -Wall -Wextra -Werror -std=c++98 -g -c srcs//client/Client.cpp -o objs//client/Client.o
mkdir -p objs//listenner
c++ -Wall -Wextra -Werror -std=c++98 -g -c srcs//listenner/Listenner.cpp -o objs//listenner/Listenner.o
mkdir -p objs/
c++ -Wall -Wextra -Werror -std=c++98 -g -c srcs//main.cpp -o objs//main.o
mkdir -p objs/
c++ -Wall -Wextra -Werror -std=c++98 -g -c srcs//Parsing.cpp -o objs//Parsing.o
mkdir -p objs//request
c++ -Wall -Wextra -Werror -std=c++98 -g -c srcs//request/Req.cpp -o objs//request/Req.o
mkdir -p objs//server
c++ -Wall -Wextra -Werror -std=c++98 -g -c srcs//server/Location.cpp -o objs//server/Location.o
mkdir -p objs//server
c++ -Wall -Wextra -Werror -std=c++98 -g -c srcs//server/Server.cpp -o objs//server/Server.o
mkdir -p objs//server
c++ -Wall -Wextra -Werror -std=c++98 -g -c srcs//server/ServerUtils.cpp -o objs//server/ServerUtils.o
mkdir -p objs//socket
c++ -Wall -Wextra -Werror -std=c++98 -g -c srcs//socket/Socket.cpp -o objs//socket/Socket.o
mkdir -p objs//socket
c++ -Wall -Wextra -Werror -std=c++98 -g -c srcs//socket/SocketError.cpp -o objs//socket/SocketError.o
 
c++ objs//client/Client.o objs//listenner/Listenner.o objs//main.o objs//Parsing.o objs//request/Req.o objs//server/Location.o objs//server/Server.o objs//server/ServerUtils.o objs//socket/Socket.o objs//socket/SocketError.o   -o webserv
echo "\r\033[33mDONE!\033[0m         "
make: Leaving directory `/Users/loadjou/Desktop/Cursus/Webserv'
 
